[2026-01-02 00:38:44.488] [Xeno] [trace] Xeno is only maintained by Rizve. If you find any bugs, have any question, or just want to chat email me rizve@xeno.onl or DM me on Discord: .rizve
[2026-01-02 00:38:44.488] [Xeno] [info] Version: Xeno - v1.3.10
[2026-01-02 00:38:44.488] [Xeno] [info] Log file: C:\Users\Criminal\Desktop\Pear\Pear\bin\Release\net10.0-windows\logs\2026-01-02_00-38-44.log
[2026-01-02 00:38:44.492] [Xeno] [debug] Client Checker thread: 0x4ef057d2c0
[2026-01-02 00:38:44.492] [Xeno] [debug] Xeno Caching thread: 0x4ef057d2b0
[2026-01-02 00:38:44.492] [Xeno] [debug] WebSockets Cleaner thread: 0x4ef057d2a0
[2026-01-02 00:38:44.529] [Xeno] [info] Terminated same existing Xeno process: 17432
[2026-01-02 00:38:44.536] [Cache] [info] Caching file: C:\Users\Criminal\AppData\Local\Xeno\XENO_CACHE.bin
[2026-01-02 00:38:44.538] [Xeno] [debug] Xeno Server thread: 0x4ef057d290
[2026-01-02 00:38:44.542] [Server] [info] Xeno Server is Live on http://localhost:3110
[2026-01-02 00:38:44.542] [Server] [info] Visit http://localhost:3110 to view any additional information
[2026-01-02 00:38:44.563] [Xeno] [info] Creating new RBXClient: 18632
[2026-01-02 00:38:44.563] [RBXClient] [info] [18632]: Initializing...
[2026-01-02 00:38:44.563] [RBXClient] [info] [18632]: Version: version-f8f53a67efca4c34
[2026-01-02 00:38:44.563] [Xeno] [debug] Created RBXClient instance @0x1e4fc5e1df0
[2026-01-02 00:38:44.563] [Xeno] [info] Successfully created RBXClient: 18632
[2026-01-02 00:38:44.564] [RBXClient] [trace] [18632]: Attempting to retrieve RBXClient data from endpoint...
[2026-01-02 00:38:44.783] [RBXClient] [trace] [18632]: Successfully retrieved RBXClient data from endpoint using curl.
[2026-01-02 00:38:44.794] [RBXClient] [debug] [18632]: Fetching DataModel...
[2026-01-02 00:38:44.871] [RBXClient] [debug] [18632]: 	String: 0x1b01f493650
[2026-01-02 00:38:44.871] [RBXClient] [debug] [18632]: 	RenderView: 0x1b024f84000
[2026-01-02 00:38:44.873] [RBXClient] [debug] [18632]: DataModel (Ugc): 0x1b019b1b638
[2026-01-02 00:38:44.874] [RBXClient] [debug] [18632]: LocalPlayer: 0x1b01ca55080
[2026-01-02 00:38:44.874] [RBXClient] [debug] [Robloxianf2d3s6y8l (18632)]: LocalPlayer Name: 'Robloxianf2d3s6y8l'
[2026-01-02 00:38:44.876] [RBXClient] [trace] [Robloxianf2d3s6y8l (18632)]: Attaching in-game using translation module.
[2026-01-02 00:38:44.877] [RBXClient] [debug] [Robloxianf2d3s6y8l (18632)]: EventConnection: 0x1b01f674a00, SharedString: 0x1b023e0c000
[2026-01-02 00:38:45.300] [RBXClient] [trace] [Robloxianf2d3s6y8l (18632)]: Intercepted translation module @0x1b01f677940
[2026-01-02 00:38:45.541] [RBXClient] [trace] [Robloxianf2d3s6y8l (18632)]: Attach ping received from client "Robloxianf2d3s6y8l", This indicates everything was successful.
[2026-01-02 00:39:03.258] [Xeno] [info] Removed RBXClient: 18632
[2026-01-02 00:39:08.268] [Xeno] [info] Cleaned up '18632' from InitializedClients
